<?xml version='1.0' encoding='UTF-8'?>
<testsuite hostname="Charless-MacBook-Air.local" name="MapMapSpec" tests="6" errors="0" failures="0" skipped="0" time="0.011" timestamp="2023-10-04T22:19:10">
          <properties>
      <property name="java.specification.version" value="21"/><property name="sun.jnu.encoding" value="UTF-8"/><property name="sun.arch.data.model" value="64"/><property name="java.vendor.url" value="https://github.com/Homebrew/homebrew-core/issues"/><property name="sun.boot.library.path" value="/opt/homebrew/Cellar/openjdk/21/libexec/openjdk.jdk/Contents/Home/lib"/><property name="sun.java.command" value="/opt/homebrew/Cellar/sbt/1.9.4/libexec/bin/sbt-launch.jar"/><property name="jdk.debug" value="release"/><property name="java.specification.vendor" value="Oracle Corporation"/><property name="java.version.date" value="2023-09-19"/><property name="java.home" value="/opt/homebrew/Cellar/openjdk/21/libexec/openjdk.jdk/Contents/Home"/><property name="file.separator" value="/"/><property name="java.vm.compressedOopsMode" value="Zero based"/><property name="line.separator" value="
"/><property name="java.vm.specification.vendor" value="Oracle Corporation"/><property name="java.specification.name" value="Java Platform API Specification"/><property name="sun.management.compiler" value="HotSpot 64-Bit Tiered Compilers"/><property name="java.runtime.version" value="21"/><property name="user.name" value="charlesroth"/><property name="log4j.ignoreTCL" value="true"/><property name="file.encoding" value="UTF-8"/><property name="java.vendor.version" value="Homebrew"/><property name="java.io.tmpdir" value="/var/folders/tw/4x1v5x9947911j_tk7nr_ln80000gn/T/"/><property name="java.version" value="21"/><property name="java.vm.specification.name" value="Java Virtual Machine Specification"/><property name="native.encoding" value="UTF-8"/><property name="java.library.path" value="/Users/charlesroth/Library/Java/Extensions:/Library/Java/Extensions:/Network/Library/Java/Extensions:/System/Library/Java/Extensions:/usr/lib/java:."/><property name="stderr.encoding" value="UTF-8"/><property name="java.vendor" value="Homebrew"/><property name="scala.ext.dirs" value="/Users/charlesroth/.sbt/1.0/java9-rt-ext-homebrew_21"/><property name="sun.io.unicode.encoding" value="UnicodeBig"/><property name="socksNonProxyHosts" value="local|*.local|169.254/16|*.169.254/16"/><property name="java.class.path" value="/opt/homebrew/Cellar/sbt/1.9.4/libexec/bin/sbt-launch.jar"/><property name="java.vm.vendor" value="Homebrew"/><property name="jline.shutdownhook" value="false"/><property name="user.timezone" value="America/New_York"/><property name="java.vm.specification.version" value="21"/><property name="os.name" value="Mac OS X"/><property name="sun.java.launcher" value="SUN_STANDARD"/><property name="user.country" value="US"/><property name="http.nonProxyHosts" value="local|*.local|169.254/16|*.169.254/16"/><property name="sun.cpu.endian" value="little"/><property name="user.home" value="/Users/charlesroth"/><property name="user.language" value="en"/><property name="sbt.script" value="/opt/homebrew/Cellar/sbt/1.9.4/libexec/bin/sbt"/><property name="sbt.ipcsocket.tmpdir" value="/var/folders/tw/4x1v5x9947911j_tk7nr_ln80000gn/T/.sbtdcc4c890/ipcsocket"/><property name="swoval.tmpdir" value="/var/folders/tw/4x1v5x9947911j_tk7nr_ln80000gn/T/.sbtdcc4c890/swoval"/><property name="apple.awt.application.name" value="Boot"/><property name="jline.esc.timeout" value="0"/><property name="ftp.nonProxyHosts" value="local|*.local|169.254/16|*.169.254/16"/><property name="stdout.encoding" value="UTF-8"/><property name="path.separator" value=":"/><property name="os.version" value="13.5"/><property name="jna.nosys" value="true"/><property name="java.runtime.name" value="OpenJDK Runtime Environment"/><property name="java.vm.name" value="OpenJDK 64-Bit Server VM"/><property name="java.vendor.url.bug" value="https://github.com/Homebrew/homebrew-core/issues"/><property name="user.dir" value="/Users/charlesroth/Documents/cs4500/egoless-lions/Q/Other/q-game"/><property name="os.arch" value="aarch64"/><property name="java.vm.info" value="mixed mode, sharing"/><property name="java.vm.version" value="21"/><property name="java.class.version" value="65.0"/>
    </properties>
          <testcase classname="MapMapSpec" name="A map with a single center Red Square tile should provide 4 locations to insert a Red Circle tile" time="0.006">
                      
                    </testcase><testcase classname="MapMapSpec" name="A map with a single center Red Square tile should allow placement of a Red Circle at (0,1)" time="0.0">
                      
                    </testcase><testcase classname="MapMapSpec" name="A map with a single center Red Square tile should then allow placement of a Green Circle at (-1, 1)" time="0.001">
                      
                    </testcase><testcase classname="MapMapSpec" name="A map with a single center Red Square tile should then block insertion of an Orange Square at (2, 2)" time="0.0">
                      
                    </testcase><testcase classname="MapMapSpec" name="A map with a gap only for a Green Star should allow insertion of a Green Star at (1,0)" time="0.0">
                      
                    </testcase><testcase classname="MapMapSpec" name="A map with a gap only for a Green Star should not suggest (0,1) as a place for a Green Diamond" time="0.004">
                      
                    </testcase>
          <system-out><![CDATA[]]></system-out>
          <system-err><![CDATA[]]></system-err>
        </testsuite>